#
# A fatal error has been detected by the Java Runtime Environment:
#
#  SIGSEGV (0xb) at pc=0x00007f969c59b9cc, pid=232552, tid=232554
#
# JRE version: OpenJDK Runtime Environment (17.0.4+8) (build 17.0.4+8-Ubuntu-120.04)
# Java VM: OpenJDK 64-Bit Server VM (17.0.4+8-Ubuntu-120.04, mixed mode, sharing, tiered, compressed oops, compressed class ptrs, g1 gc, linux-amd64)
# Problematic frame:
# V  [libjvm.so+0xa639cc]
#
# Core dump will be written. Default location: Core dumps may be processed with "/lib/systemd/systemd-coredump %P %u %g %s %t 9223372036854775808 %h" (or dumping to /home/winch/eclipse-workspace/JDecompiler/core.232552)
#
# If you would like to submit a bug report, please visit:
#   Unknown
#

---------------  S U M M A R Y ------------

Command Line: -ea --add-opens=jdecompiler/x590.jdecompiler.testing=junit,ALL-UNNAMED --add-modules=ALL-MODULE-PATH -Dfile.encoding=UTF-8 --module-path=/home/winch/eclipse-workspace/JDecompiler/bin:/home/winch/eclipse-workspace/ArgParser/bin:/home/winch/eclipse-workspace/Util/bin:/home/winch/eclipse-workspace/libs/jsr305-3.0.2.jar:/home/winch/eclipse-workspace/libs/junit-4.13.2.jar:/home/winch/eclipse-workspace/libs/hamcrest-core-1.3.jar:/home/winch/eclipse-workspace/libs/fastutil-8.5.11.jar -XX:+ShowCodeDetailsInExceptionMessages org.eclipse.jdt.internal.junit.runner.RemoteTestRunner -version 3 -port 40871 -testLoaderClass org.eclipse.jdt.internal.junit4.runner.JUnit4TestLoader -loaderpluginname org.eclipse.jdt.junit4.runtime -classNames x590.jdecompiler.testing.PrimitiveTypeTest

Host: Intel(R) Pentium(R) CPU G630 @ 2.70GHz, 2 cores, 11G, Linux Mint 20.2 Uma
Time: Mon Apr  3 15:01:01 2023 +04 elapsed time: 0.830854 seconds (0d 0h 0m 0s)

---------------  T H R E A D  ---------------

Current thread (0x00007f96940129f0):  JavaThread "main" [_thread_in_vm, id=232554, stack(0x00007f969b6eb000,0x00007f969b7ec000)]

Stack: [0x00007f969b6eb000,0x00007f969b7ec000],  sp=0x00007f969b7e9ed0,  free space=1019k
Native frames: (J=compiled Java code, j=interpreted, Vv=VM code, C=native code)
V  [libjvm.so+0xa639cc]
V  [libjvm.so+0x816847]
V  [libjvm.so+0x63d7cc]
V  [libjvm.so+0xbf47ab]
V  [libjvm.so+0x63ee7b]
V  [libjvm.so+0x814c95]
V  [libjvm.so+0x5b62d4]
V  [libjvm.so+0xe8d01f]
V  [libjvm.so+0xe8d1cc]
V  [libjvm.so+0xe8f1eb]
V  [libjvm.so+0xe8d66c]
V  [libjvm.so+0xe8e20b]
V  [libjvm.so+0xe8f4de]
V  [libjvm.so+0x60cf32]
V  [libjvm.so+0x834fd1]
j  java.util.concurrent.locks.ReentrantLock.<init>()V+5 java.base@17.0.4
j  sun.nio.ch.NioSocketImpl.<init>(Z)V+9 java.base@17.0.4
j  java.net.SocketImpl.createPlatformSocketImpl(Z)Ljava/net/SocketImpl;+20 java.base@17.0.4
j  java.net.Socket.setImpl()V+22 java.base@17.0.4
j  java.net.Socket.<init>(Ljava/net/SocketAddress;Ljava/net/SocketAddress;Z)V+46 java.base@17.0.4
j  java.net.Socket.<init>(Ljava/lang/String;I)V+34 java.base@17.0.4
j  org.eclipse.jdt.internal.junit.runner.RemoteTestRunner.connect()Z+134
j  org.eclipse.jdt.internal.junit.runner.RemoteTestRunner.run()V+1
j  org.eclipse.jdt.internal.junit.runner.RemoteTestRunner.main([Ljava/lang/String;)V+14
v  ~StubRoutines::call_stub
V  [libjvm.so+0x83c135]
V  [libjvm.so+0x8d3229]
V  [libjvm.so+0x8d60d2]
C  [libjli.so+0x4abe]
C  [libjli.so+0x84ed]

Java frames: (J=compiled Java code, j=interpreted, Vv=VM code)
j  java.util.concurrent.locks.ReentrantLock.<init>()V+5 java.base@17.0.4
j  sun.nio.ch.NioSocketImpl.<init>(Z)V+9 java.base@17.0.4
j  java.net.SocketImpl.createPlatformSocketImpl(Z)Ljava/net/SocketImpl;+20 java.base@17.0.4
j  java.net.Socket.setImpl()V+22 java.base@17.0.4
j  java.net.Socket.<init>(Ljava/net/SocketAddress;Ljava/net/SocketAddress;Z)V+46 java.base@17.0.4
j  java.net.Socket.<init>(Ljava/lang/String;I)V+34 java.base@17.0.4
j  org.eclipse.jdt.internal.junit.runner.RemoteTestRunner.connect()Z+134
j  org.eclipse.jdt.internal.junit.runner.RemoteTestRunner.run()V+1
j  org.eclipse.jdt.internal.junit.runner.RemoteTestRunner.main([Ljava/lang/String;)V+14
v  ~StubRoutines::call_stub

siginfo: si_signo: 11 (SIGSEGV), si_code: 1 (SEGV_MAPERR), si_addr: 0x0000008000000098

Register to memory mapping:

RAX=0x0000000023200030 is an unknown value
RBX=0x00007f969b7e9f50 is pointing into the stack for thread: 0x00007f96940129f0
RCX=0x00007f969c03a710: <offset 0x0000000000502710> in /usr/lib/jvm/java-17-openjdk-amd64/lib/server/libjvm.so at 0x00007f969bb38000
RDX=0x00007f969c03a6c0: <offset 0x00000000005026c0> in /usr/lib/jvm/java-17-openjdk-amd64/lib/server/libjvm.so at 0x00007f969bb38000
RSP=0x00007f969b7e9ed0 is pointing into the stack for thread: 0x00007f96940129f0
RBP=0x00007f969b7e9f10 is pointing into the stack for thread: 0x00007f96940129f0
RSI=0x0 is NULL
RDI=0x00000008000380f8 is a pointer to class: 
java.util.concurrent.locks.ReentrantLock$NonfairSync {0x00000008000380f8}
 - instance size:     4
 - klass size:        73
 - access:            final synchronized 
 - state:             loaded
 - name:              'java/util/concurrent/locks/ReentrantLock$NonfairSync'
 - super:             'java/util/concurrent/locks/ReentrantLock$Sync'
 - sub:               
[error occurred during error reporting (printing register info), id 0xb, SIGSEGV (0xb) at pc=0x00007f969c59b9cc]

Registers:
RAX=0x0000000023200030, RBX=0x00007f969b7e9f50, RCX=0x00007f969c03a710, RDX=0x00007f969c03a6c0
RSP=0x00007f969b7e9ed0, RBP=0x00007f969b7e9f10, RSI=0x0000000000000000, RDI=0x00000008000380f8
R8 =0x0000000000000007, R9 =0x00007f9684c07229, R10=0x00000000ffffffff, R11=0x0000000000000001
R12=0x00000008000380f8, R13=0x0000008000000000, R14=0x00007f969b7e9f50, R15=0x00007f969cb86e70
RIP=0x00007f969c59b9cc, EFLAGS=0x0000000000010246, CSGSFS=0x002b000000000033, ERR=0x0000000000000004
  TRAPNO=0x000000000000000e

Top of Stack: (sp=0x00007f969b7e9ed0)
0x00007f969b7e9ed0:   00007f9600000001 0000000800037c60
0x00007f969b7e9ee0:   0000000800037c60 00007f969b7e9f50
0x00007f969b7e9ef0:   00000008000380f8 00007f969b7e9fd0
0x00007f969b7e9f00:   00007f969b7e9f50 00007f969cda4fa8 

Instructions: (pc=0x00007f969c59b9cc)
0x00007f969c59b8cc:   41 55 41 54 53 48 83 ec 18 4c 8b af 80 00 00 00
0x00007f969c59b8dc:   4d 85 ed 0f 84 fb 00 00 00 4c 8d 3d 84 b5 5e 00
0x00007f969c59b8ec:   40 84 f6 0f 84 d7 00 00 00 49 8b bd 98 00 00 00
0x00007f969c59b8fc:   e8 ef 64 b3 ff 84 c0 0f 85 a4 00 00 00 0f 1f 80
0x00007f969c59b90c:   00 00 00 00 48 83 3d b8 40 90 00 00 74 73 66 48
0x00007f969c59b91c:   8d 3d 86 76 8b 00 66 66 48 e8 46 cc 7e ff 4c 89
0x00007f969c59b92c:   ef 48 8b 00 4c 8b b0 30 02 00 00 49 8b 46 18 49
0x00007f969c59b93c:   8b 5e 10 4d 8b 66 20 48 89 45 c8 49 8b 46 28 48
0x00007f969c59b94c:   89 45 c0 e8 1c fd ff ff 4c 89 ff 48 89 c6 31 c0
0x00007f969c59b95c:   e8 bf ee ff ff 48 83 3b 00 74 14 48 8b 75 c0 4c
0x00007f969c59b96c:   89 f7 e8 fd 4e 97 ff 48 89 df e8 95 43 97 ff 66
0x00007f969c59b97c:   48 0f 6e c3 4d 89 66 20 0f 16 45 c8 41 0f 11 46
0x00007f969c59b98c:   10 4d 8b ad 88 00 00 00 4d 85 ed 74 47 49 8b bd
0x00007f969c59b99c:   98 00 00 00 e8 4b 64 b3 ff 84 c0 0f 84 63 ff ff
0x00007f969c59b9ac:   ff 48 83 c4 18 4c 89 e8 5b 41 5c 41 5d 41 5e 41
0x00007f969c59b9bc:   5f 5d c3 90 4d 8b ad 88 00 00 00 4d 85 ed 74 14
0x00007f969c59b9cc:   49 8b bd 98 00 00 00 e8 18 64 b3 ff 84 c0 74 e4
0x00007f969c59b9dc:   eb cf 66 90 45 31 ed eb c8 90 66 2e 0f 1f 84 00
0x00007f969c59b9ec:   00 00 00 00 55 48 89 e5 41 54 48 83 ec 08 4c 8b
0x00007f969c59b9fc:   a7 88 00 00 00 4d 85 e4 75 17 eb 38 0f 1f 84 00
0x00007f969c59ba0c:   00 00 00 00 4d 8b a4 24 88 00 00 00 4d 85 e4 74
0x00007f969c59ba1c:   23 49 8b bc 24 98 00 00 00 e8 c6 63 b3 ff 84 c0
0x00007f969c59ba2c:   74 e2 48 83 c4 08 4c 89 e0 41 5c 5d c3 0f 1f 80
0x00007f969c59ba3c:   00 00 00 00 45 31 e4 48 83 c4 08 4c 89 e0 41 5c
0x00007f969c59ba4c:   5d c3 66 90 f3 0f 1e fa 55 48 89 e5 41 54 49 89
0x00007f969c59ba5c:   fc 53 48 89 fb 0f 1f 80 00 00 00 00 f6 83 a5 00
0x00007f969c59ba6c:   00 00 04 74 47 48 8b 9b 80 00 00 00 48 85 db 75
0x00007f969c59ba7c:   0f eb 2a 90 48 8b 9b 88 00 00 00 48 85 db 74 1d
0x00007f969c59ba8c:   48 8b bb 98 00 00 00 e8 58 63 b3 ff 84 c0 74 e4
0x00007f969c59ba9c:   48 89 df e8 4c ff ff ff 48 85 c0 74 bf 4c 89 e0
0x00007f969c59baac:   5b 41 5c 5d c3 0f 1f 80 00 00 00 00 49 89 dc 5b
0x00007f969c59babc:   4c 89 e0 41 5c 5d c3 90 66 66 2e 0f 1f 84 00 00 


Stack slot to memory mapping:
stack at sp + 0 slots: 0x00007f9600000001 is an unknown value
stack at sp + 1 slots: 0x0000000800037c60 is a pointer to class: 
java.util.concurrent.locks.AbstractQueuedSynchronizer {0x0000000800037c60}
 - instance size:     4
 - klass size:        72
 - access:            public synchronized abstract 
 - state:             fully_initialized
 - name:              'java/util/concurrent/locks/AbstractQueuedSynchronizer'
 - super:             'java/util/concurrent/locks/AbstractOwnableSynchronizer'
 - sub:               'java/util/concurrent/locks/ReentrantLock$Sync'   'java/util/concurrent/locks/ReentrantReadWriteLock$Sync'   
 - arrays:            NULL
 - methods:           Array<T>(0x000000080061ab18)
 - method ordering:   Array<T>(0x000000080061ac80)
 - default_methods:   Array<T>(0x0000000000000000)
 - local interfaces:  Array<T>(0x000000080061ac70)
 - trans. interfaces: Array<T>(0x00000008006196b0)
 - constants:         constant pool [349] {0x0000000800619fb0} for 'java/util/concurrent/locks/AbstractQueuedSynchronizer' cache=0x0000000800038f28
 - class loader data:  loader data: 0x00007f96940feb80 of 'bootstrap'
 - source file:       'AbstractQueuedSynchronizer.java'
 - class annotations:       Array<T>(0x0000000000000000)
 - class type annotations:  Array<T>(0x0000000000000000)
 - field annotations:       Array<T>(0x0000000000000000)
 - field type annotations:  Array<T>(0x0000000000000000)
 - inner classes:     Array<T>(0x000000080061aae0)
 - nest members:     Array<T>(0x000000080061ad30)
 - permitted subclasses:     Array<T>(0x00000008005de738)
 - java mirror:       a 'java/lang/Class'{0x00000007ffd18650} = 'java/util/concurrent/locks/AbstractQueuedSynchronizer'
 - vtable length      10  (start addr: 0x0000000800037e30)
 - itable length      2 (start addr: 0x0000000800037e80)
 - ---- static fields (7 words):
 - private static final 'serialVersionUID' 'J' @120 
 - static final 'WAITING' 'I' @152 
 - static final 'CANCELLED' 'I' @156 
 - static final 'COND' 'I' @160 
 - private static final 'U' 'Ljdk/internal/misc/Unsafe;' @112 
 - private static final 'STATE' 'J' @128 
 - private static final 'HEAD' 'J' @136 
 - private static final 'TAIL' 'J' @144 
 - ---- non-static fields (4 words):
 - private transient 'exclusiveOwnerThread' 'Ljava/lang/Thread;' @12 
 - private volatile 'state' 'I' @16 
 - private volatile transient 'head' 'Ljava/util/concurrent/locks/AbstractQueuedSynchronizer$Node;' @20 
 - private volatile transient 'tail' 'Ljava/util/concurrent/locks/AbstractQueuedSynchronizer$Node;' @24 
 - non-static oop maps: 12-12 20-24 
stack at sp + 2 slots: 0x0000000800037c60 is a pointer to class: 
java.util.concurrent.locks.AbstractQueuedSynchronizer {0x0000000800037c60}
 - instance size:     4
 - klass size:        72
 - access:            public synchronized abstract 
 - state:             fully_initialized
 - name:              'java/util/concurrent/locks/AbstractQueuedSynchronizer'
 - super:             'java/util/concurrent/locks/AbstractOwnableSynchronizer'
 - sub:               'java/util/concurrent/locks/ReentrantLock$Sync'   'java/util/concurrent/locks/ReentrantReadWriteLock$Sync'   
 - arrays:            NULL
 - methods:           Array<T>(0x000000080061ab18)
 - method ordering:   Array<T>(0x000000080061ac80)
 - default_methods:   Array<T>(0x0000000000000000)
 - local interfaces:  Array<T>(0x000000080061ac70)
 - trans. interfaces: Array<T>(0x00000008006196b0)
 - constants:         constant pool [349] {0x0000000800619fb0} for 'java/util/concurrent/locks/AbstractQueuedSynchronizer' cache=0x0000000800038f28
 - class loader data:  loader data: 0x00007f96940feb80 of 'bootstrap'
 - source file:       'AbstractQueuedSynchronizer.java'
 - class annotations:       Array<T>(0x0000000000000000)
 - class type annotations:  Array<T>(0x0000000000000000)
 - field annotations:       Array<T>(0x0000000000000000)
 - field type annotations:  Array<T>(0x0000000000000000)
 - inner classes:     Array<T>(0x000000080061aae0)
 - nest members:     Array<T>(0x000000080061ad30)
 - permitted subclasses:     Array<T>(0x00000008005de738)
 - java mirror:       a 'java/lang/Class'{0x00000007ffd18650} = 'java/util/concurrent/locks/AbstractQueuedSynchronizer'
 - vtable length      10  (start addr: 0x0000000800037e30)
 - itable length      2 (start addr: 0x0000000800037e80)
 - ---- static fields (7 words):
 - private static final 'serialVersionUID' 'J' @120 
 - static final 'WAITING' 'I' @152 
 - static final 'CANCELLED' 'I' @156 
 - static final 'COND' 'I' @160 
 - private static final 'U' 'Ljdk/internal/misc/Unsafe;' @112 
 - private static final 'STATE' 'J' @128 
 - private static final 'HEAD' 'J' @136 
 - private static final 'TAIL' 'J' @144 
 - ---- non-static fields (4 words):
 - private transient 'exclusiveOwnerThread' 'Ljava/lang/Thread;' @12 
 - private volatile 'state' 'I' @16 
 - private volatile transient 'head' 'Ljava/util/concurrent/locks/AbstractQueuedSynchronizer$Node;' @20 
 - private volatile transient 'tail' 'Ljava/util/concurrent/locks/AbstractQueuedSynchronizer$Node;' @24 
 - non-static oop maps: 12-12 20-24 
stack at sp + 3 slots: 0x00007f969b7e9f50 is pointing into the stack for thread: 0x00007f96940129f0
stack at sp + 4 slots: 0x00000008000380f8 is a pointer to class: 
java.util.concurrent.locks.ReentrantLock$NonfairSync {0x00000008000380f8}
 - instance size:     4
 - klass size:        73
 - access:            final synchronized 
 - state:             loaded
 - name:              'java/util/concurrent/locks/ReentrantLock$NonfairSync'
 - super:             'java/util/concurrent/locks/ReentrantLock$Sync'
 - sub:               
[error occurred during error reporting (inspecting top of stack), id 0xb, SIGSEGV (0xb) at pc=0x00007f969c59b9cc]


---------------  P R O C E S S  ---------------

Threads class SMR info:
_java_thread_list=0x00007f96941ae2f0, length=11, elements={
0x00007f96940129f0, 0x00007f9694119e00, 0x00007f969411b1e0, 0x00007f9694120580,
0x00007f9694121930, 0x00007f9694122d40, 0x00007f96941246f0, 0x00007f9694125c20,
0x00007f9694127090, 0x00007f9694134e20, 0x00007f96941ad340
}

Java Threads: ( => current thread )
=>0x00007f96940129f0 JavaThread "main" [_thread_in_vm, id=232554, stack(0x00007f969b6eb000,0x00007f969b7ec000)]
  0x00007f9694119e00 JavaThread "Reference Handler" daemon [_thread_blocked, id=232565, stack(0x00007f9698dfd000,0x00007f9698efe000)]
  0x00007f969411b1e0 JavaThread "Finalizer" daemon [_thread_blocked, id=232566, stack(0x00007f9698cfc000,0x00007f9698dfd000)]
  0x00007f9694120580 JavaThread "Signal Dispatcher" daemon [_thread_blocked, id=232567, stack(0x00007f9698689000,0x00007f969878a000)]
  0x00007f9694121930 JavaThread "Service Thread" daemon [_thread_blocked, id=232568, stack(0x00007f9698588000,0x00007f9698689000)]
  0x00007f9694122d40 JavaThread "Monitor Deflation Thread" daemon [_thread_blocked, id=232569, stack(0x00007f9698487000,0x00007f9698588000)]
  0x00007f96941246f0 JavaThread "C2 CompilerThread0" daemon [_thread_in_vm, id=232570, stack(0x00007f9698386000,0x00007f9698487000)]
  0x00007f9694125c20 JavaThread "C1 CompilerThread0" daemon [_thread_blocked, id=232571, stack(0x00007f9698285000,0x00007f9698386000)]
  0x00007f9694127090 JavaThread "Sweeper thread" daemon [_thread_blocked, id=232572, stack(0x00007f9698184000,0x00007f9698285000)]
  0x00007f9694134e20 JavaThread "Common-Cleaner" daemon [_thread_blocked, id=232575, stack(0x00007f9698083000,0x00007f9698184000)]
  0x00007f96941ad340 JavaThread "Notification Thread" daemon [_thread_blocked, id=232587, stack(0x00007f96753cd000,0x00007f96754ce000)]

Other Threads:
  0x00007f9694115e20 VMThread "VM Thread" [stack: 0x00007f9698f00000,0x00007f9699000000] [id=232564]
  0x00007f9694014780 WatcherThread [stack: 0x00007f96752cd000,0x00007f96753cd000] [id=232588]
  0x00007f9694068ab0 GCTaskThread "GC Thread#0" [stack: 0x00007f969a075000,0x00007f969a175000] [id=232559]
  0x00007f9658004870 GCTaskThread "GC Thread#1" [stack: 0x00007f96754d0000,0x00007f96755d0000] [id=232586]
  0x00007f9694075750 ConcurrentGCThread "G1 Main Marker" [stack: 0x00007f9699f73000,0x00007f969a073000] [id=232560]
  0x00007f96940766b0 ConcurrentGCThread "G1 Conc#0" [stack: 0x00007f9699e71000,0x00007f9699f71000] [id=232561]
  0x00007f96940eb050 ConcurrentGCThread "G1 Refine#0" [stack: 0x00007f9699b6d000,0x00007f9699c6d000] [id=232562]
  0x00007f96940ebf40 ConcurrentGCThread "G1 Service" [stack: 0x00007f9699a6b000,0x00007f9699b6b000] [id=232563]

Threads with active compile tasks:
C2 CompilerThread0      838  427       4       java.util.stream.ReferencePipeline$2$1::accept (27 bytes)
C1 CompilerThread0      838  538       2       java.lang.invoke.MethodType$ConcurrentWeakInternSet::expungeStaleElements (27 bytes)

VM state: not at safepoint (normal execution)

VM Mutex/Monitor currently owned by a thread:  ([mutex/lock_event])
[0x00007f969400e2e0] CodeCache_lock - owner thread: 0x00007f96940129f0
[0x00007f96940104f0] Compile_lock - owner thread: 0x00007f96940129f0

Heap address: 0x0000000749200000, size: 2926 MB, Compressed Oops mode: Zero based, Oop shift amount: 3

CDS archive(s) mapped at: [0x0000000800000000-0x0000000800be3000-0x0000000800be3000), size 12464128, SharedBaseAddress: 0x0000000800000000, ArchiveRelocationMode: 0.
Compressed class space mapped at: 0x0000000800c00000-0x0000000840c00000, reserved size: 1073741824
Narrow klass base: 0x0000000800000000, Narrow klass shift: 0, Narrow klass range: 0x100000000

GC Precious Log:
 CPUs: 2 total, 2 available
 Memory: 11701M
 Large Page Support: Disabled
 NUMA Support: Disabled
 Compressed Oops: Enabled (Zero based)
 Heap Region Size: 2M
 Heap Min Capacity: 8M
 Heap Initial Capacity: 184M
 Heap Max Capacity: 2926M
 Pre-touch: Disabled
 Parallel Workers: 2
 Concurrent Workers: 1
 Concurrent Refinement Workers: 2
 Periodic GC: Disabled

Heap:
 garbage-first heap   total 192512K, used 10604K [0x0000000749200000, 0x0000000800000000)
  region size 2048K, 4 young (8192K), 1 survivors (2048K)
 Metaspace       used 1108K, committed 1280K, reserved 1056768K
  class space    used 94K, committed 192K, reserved 1048576K

Heap Regions: E=young(eden), S=young(survivor), O=old, HS=humongous(starts), HC=humongous(continues), CS=collection set, F=free, OA=open archive, CA=closed archive, TAMS=top-at-mark-start (previous, next)
|   0|0x0000000749200000, 0x0000000749400000, 0x0000000749400000|100%|HS|  |TAMS 0x0000000749200000, 0x0000000749200000| Complete 
|   1|0x0000000749400000, 0x0000000749462000, 0x0000000749600000| 19%| O|  |TAMS 0x0000000749400000, 0x0000000749400000| Untracked 
|   2|0x0000000749600000, 0x0000000749600000, 0x0000000749800000|  0%| F|  |TAMS 0x0000000749600000, 0x0000000749600000| Untracked 
|   3|0x0000000749800000, 0x0000000749800000, 0x0000000749a00000|  0%| F|  |TAMS 0x0000000749800000, 0x0000000749800000| Untracked 
|   4|0x0000000749a00000, 0x0000000749a00000, 0x0000000749c00000|  0%| F|  |TAMS 0x0000000749a00000, 0x0000000749a00000| Untracked 
|   5|0x0000000749c00000, 0x0000000749c00000, 0x0000000749e00000|  0%| F|  |TAMS 0x0000000749c00000, 0x0000000749c00000| Untracked 
|   6|0x0000000749e00000, 0x0000000749e00000, 0x000000074a000000|  0%| F|  |TAMS 0x0000000749e00000, 0x0000000749e00000| Untracked 
|   7|0x000000074a000000, 0x000000074a000000, 0x000000074a200000|  0%| F|  |TAMS 0x000000074a000000, 0x000000074a000000| Untracked 
|   8|0x000000074a200000, 0x000000074a200000, 0x000000074a400000|  0%| F|  |TAMS 0x000000074a200000, 0x000000074a200000| Untracked 
|   9|0x000000074a400000, 0x000000074a400000, 0x000000074a600000|  0%| F|  |TAMS 0x000000074a400000, 0x000000074a400000| Untracked 
|  10|0x000000074a600000, 0x000000074a600000, 0x000000074a800000|  0%| F|  |TAMS 0x000000074a600000, 0x000000074a600000| Untracked 
|  11|0x000000074a800000, 0x000000074a800000, 0x000000074aa00000|  0%| F|  |TAMS 0x000000074a800000, 0x000000074a800000| Untracked 
|  12|0x000000074aa00000, 0x000000074aa00000, 0x000000074ac00000|  0%| F|  |TAMS 0x000000074aa00000, 0x000000074aa00000| Untracked 
|  13|0x000000074ac00000, 0x000000074ac00000, 0x000000074ae00000|  0%| F|  |TAMS 0x000000074ac00000, 0x000000074ac00000| Untracked 
|  14|0x000000074ae00000, 0x000000074ae00000, 0x000000074b000000|  0%| F|  |TAMS 0x000000074ae00000, 0x000000074ae00000| Untracked 
|  15|0x000000074b000000, 0x000000074b000000, 0x000000074b200000|  0%| F|  |TAMS 0x000000074b000000, 0x000000074b000000| Untracked 
|  16|0x000000074b200000, 0x000000074b200000, 0x000000074b400000|  0%| F|  |TAMS 0x000000074b200000, 0x000000074b200000| Untracked 
|  17|0x000000074b400000, 0x000000074b400000, 0x000000074b600000|  0%| F|  |TAMS 0x000000074b400000, 0x000000074b400000| Untracked 
|  18|0x000000074b600000, 0x000000074b600000, 0x000000074b800000|  0%| F|  |TAMS 0x000000074b600000, 0x000000074b600000| Untracked 
|  19|0x000000074b800000, 0x000000074b800000, 0x000000074ba00000|  0%| F|  |TAMS 0x000000074b800000, 0x000000074b800000| Untracked 
|  20|0x000000074ba00000, 0x000000074ba00000, 0x000000074bc00000|  0%| F|  |TAMS 0x000000074ba00000, 0x000000074ba00000| Untracked 
|  21|0x000000074bc00000, 0x000000074bc00000, 0x000000074be00000|  0%| F|  |TAMS 0x000000074bc00000, 0x000000074bc00000| Untracked 
|  22|0x000000074be00000, 0x000000074be00000, 0x000000074c000000|  0%| F|  |TAMS 0x000000074be00000, 0x000000074be00000| Untracked 
|  23|0x000000074c000000, 0x000000074c000000, 0x000000074c200000|  0%| F|  |TAMS 0x000000074c000000, 0x000000074c000000| Untracked 
|  24|0x000000074c200000, 0x000000074c200000, 0x000000074c400000|  0%| F|  |TAMS 0x000000074c200000, 0x000000074c200000| Untracked 
|  25|0x000000074c400000, 0x000000074c400000, 0x000000074c600000|  0%| F|  |TAMS 0x000000074c400000, 0x000000074c400000| Untracked 
|  26|0x000000074c600000, 0x000000074c600000, 0x000000074c800000|  0%| F|  |TAMS 0x000000074c600000, 0x000000074c600000| Untracked 
|  27|0x000000074c800000, 0x000000074c800000, 0x000000074ca00000|  0%| F|  |TAMS 0x000000074c800000, 0x000000074c800000| Untracked 
|  28|0x000000074ca00000, 0x000000074ca00000, 0x000000074cc00000|  0%| F|  |TAMS 0x000000074ca00000, 0x000000074ca00000| Untracked 
|  29|0x000000074cc00000, 0x000000074cc00000, 0x000000074ce00000|  0%| F|  |TAMS 0x000000074cc00000, 0x000000074cc00000| Untracked 
|  30|0x000000074ce00000, 0x000000074ce00000, 0x000000074d000000|  0%| F|  |TAMS 0x000000074ce00000, 0x000000074ce00000| Untracked 
|  31|0x000000074d000000, 0x000000074d000000, 0x000000074d200000|  0%| F|  |TAMS 0x000000074d000000, 0x000000074d000000| Untracked 
|  32|0x000000074d200000, 0x000000074d200000, 0x000000074d400000|  0%| F|  |TAMS 0x000000074d200000, 0x000000074d200000| Untracked 
|  33|0x000000074d400000, 0x000000074d400000, 0x000000074d600000|  0%| F|  |TAMS 0x000000074d400000, 0x000000074d400000| Untracked 
|  34|0x000000074d600000, 0x000000074d600000, 0x000000074d800000|  0%| F|  |TAMS 0x000000074d600000, 0x000000074d600000| Untracked 
|  35|0x000000074d800000, 0x000000074d800000, 0x000000074da00000|  0%| F|  |TAMS 0x000000074d800000, 0x000000074d800000| Untracked 
|  36|0x000000074da00000, 0x000000074da00000, 0x000000074dc00000|  0%| F|  |TAMS 0x000000074da00000, 0x000000074da00000| Untracked 
|  37|0x000000074dc00000, 0x000000074dc00000, 0x000000074de00000|  0%| F|  |TAMS 0x000000074dc00000, 0x000000074dc00000| Untracked 
|  38|0x000000074de00000, 0x000000074de00000, 0x000000074e000000|  0%| F|  |TAMS 0x000000074de00000, 0x000000074de00000| Untracked 
|  39|0x000000074e000000, 0x000000074e000000, 0x000000074e200000|  0%| F|  |TAMS 0x000000074e000000, 0x000000074e000000| Untracked 
|  40|0x000000074e200000, 0x000000074e200000, 0x000000074e400000|  0%| F|  |TAMS 0x000000074e200000, 0x000000074e200000| Untracked 
|  41|0x000000074e400000, 0x000000074e400000, 0x000000074e600000|  0%| F|  |TAMS 0x000000074e400000, 0x000000074e400000| Untracked 
|  42|0x000000074e600000, 0x000000074e600000, 0x000000074e800000|  0%| F|  |TAMS 0x000000074e600000, 0x000000074e600000| Untracked 
|  43|0x000000074e800000, 0x000000074e800000, 0x000000074ea00000|  0%| F|  |TAMS 0x000000074e800000, 0x000000074e800000| Untracked 
|  44|0x000000074ea00000, 0x000000074ea00000, 0x000000074ec00000|  0%| F|  |TAMS 0x000000074ea00000, 0x000000074ea00000| Untracked 
|  45|0x000000074ec00000, 0x000000074ec00000, 0x000000074ee00000|  0%| F|  |TAMS 0x000000074ec00000, 0x000000074ec00000| Untracked 
|  46|0x000000074ee00000, 0x000000074ee00000, 0x000000074f000000|  0%| F|  |TAMS 0x000000074ee00000, 0x000000074ee00000| Untracked 
|  47|0x000000074f000000, 0x000000074f000000, 0x000000074f200000|  0%| F|  |TAMS 0x000000074f000000, 0x000000074f000000| Untracked 
|  48|0x000000074f200000, 0x000000074f200000, 0x000000074f400000|  0%| F|  |TAMS 0x000000074f200000, 0x000000074f200000| Untracked 
|  49|0x000000074f400000, 0x000000074f400000, 0x000000074f600000|  0%| F|  |TAMS 0x000000074f400000, 0x000000074f400000| Untracked 
|  50|0x000000074f600000, 0x000000074f600000, 0x000000074f800000|  0%| F|  |TAMS 0x000000074f600000, 0x000000074f600000| Untracked 
|  51|0x000000074f800000, 0x000000074f800000, 0x000000074fa00000|  0%| F|  |TAMS 0x000000074f800000, 0x000000074f800000| Untracked 
|  52|0x000000074fa00000, 0x000000074fa00000, 0x000000074fc00000|  0%| F|  |TAMS 0x000000074fa00000, 0x000000074fa00000| Untracked 
|  53|0x000000074fc00000, 0x000000074fc00000, 0x000000074fe00000|  0%| F|  |TAMS 0x000000074fc00000, 0x000000074fc00000| Untracked 
|  54|0x000000074fe00000, 0x000000074fe00000, 0x0000000750000000|  0%| F|  |TAMS 0x000000074fe00000, 0x000000074fe00000| Untracked 
|  55|0x0000000750000000, 0x0000000750000000, 0x0000000750200000|  0%| F|  |TAMS 0x0000000750000000, 0x0000000750000000| Untracked 
|  56|0x0000000750200000, 0x0000000750200000, 0x0000000750400000|  0%| F|  |TAMS 0x0000000750200000, 0x0000000750200000| Untracked 
|  57|0x0000000750400000, 0x0000000750400000, 0x0000000750600000|  0%| F|  |TAMS 0x0000000750400000, 0x0000000750400000| Untracked 
|  58|0x0000000750600000, 0x0000000750600000, 0x0000000750800000|  0%| F|  |TAMS 0x0000000750600000, 0x0000000750600000| Untracked 
|  59|0x0000000750800000, 0x0000000750800000, 0x0000000750a00000|  0%| F|  |TAMS 0x0000000750800000, 0x0000000750800000| Untracked 
|  60|0x0000000750a00000, 0x0000000750a00000, 0x0000000750c00000|  0%| F|  |TAMS 0x0000000750a00000, 0x0000000750a00000| Untracked 
|  61|0x0000000750c00000, 0x0000000750c00000, 0x0000000750e00000|  0%| F|  |TAMS 0x0000000750c00000, 0x0000000750c00000| Untracked 
|  62|0x0000000750e00000, 0x0000000750e00000, 0x0000000751000000|  0%| F|  |TAMS 0x0000000750e00000, 0x0000000750e00000| Untracked 
|  63|0x0000000751000000, 0x0000000751000000, 0x0000000751200000|  0%| F|  |TAMS 0x0000000751000000, 0x0000000751000000| Untracked 
|  64|0x0000000751200000, 0x0000000751200000, 0x0000000751400000|  0%| F|  |TAMS 0x0000000751200000, 0x0000000751200000| Untracked 
|  65|0x0000000751400000, 0x0000000751400000, 0x0000000751600000|  0%| F|  |TAMS 0x0000000751400000, 0x0000000751400000| Untracked 
|  66|0x0000000751600000, 0x0000000751600000, 0x0000000751800000|  0%| F|  |TAMS 0x0000000751600000, 0x0000000751600000| Untracked 
|  67|0x0000000751800000, 0x0000000751800000, 0x0000000751a00000|  0%| F|  |TAMS 0x0000000751800000, 0x0000000751800000| Untracked 
|  68|0x0000000751a00000, 0x0000000751a00000, 0x0000000751c00000|  0%| F|  |TAMS 0x0000000751a00000, 0x0000000751a00000| Untracked 
|  69|0x0000000751c00000, 0x0000000751c00000, 0x0000000751e00000|  0%| F|  |TAMS 0x0000000751c00000, 0x0000000751c00000| Untracked 
|  70|0x0000000751e00000, 0x0000000751e00000, 0x0000000752000000|  0%| F|  |TAMS 0x0000000751e00000, 0x0000000751e00000| Untracked 
|  71|0x0000000752000000, 0x0000000752000000, 0x0000000752200000|  0%| F|  |TAMS 0x0000000752000000, 0x0000000752000000| Untracked 
|  72|0x0000000752200000, 0x0000000752200000, 0x0000000752400000|  0%| F|  |TAMS 0x0000000752200000, 0x0000000752200000| Untracked 
|  73|0x0000000752400000, 0x0000000752400000, 0x0000000752600000|  0%| F|  |TAMS 0x0000000752400000, 0x0000000752400000| Untracked 
|  74|0x0000000752600000, 0x0000000752600000, 0x0000000752800000|  0%| F|  |TAMS 0x0000000752600000, 0x0000000752600000| Untracked 
|  75|0x0000000752800000, 0x0000000752800000, 0x0000000752a00000|  0%| F|  |TAMS 0x0000000752800000, 0x0000000752800000| Untracked 
|  76|0x0000000752a00000, 0x0000000752a00000, 0x0000000752c00000|  0%| F|  |TAMS 0x0000000752a00000, 0x0000000752a00000| Untracked 
|  77|0x0000000752c00000, 0x0000000752c00000, 0x0000000752e00000|  0%| F|  |TAMS 0x0000000752c00000, 0x0000000752c00000| Untracked 
|  78|0x0000000752e00000, 0x0000000752e00000, 0x0000000753000000|  0%| F|  |TAMS 0x0000000752e00000, 0x0000000752e00000| Untracked 
|  79|0x0000000753000000, 0x0000000753000000, 0x0000000753200000|  0%| F|  |TAMS 0x0000000753000000, 0x0000000753000000| Untracked 
|  80|0x0000000753200000, 0x0000000753200000, 0x0000000753400000|  0%| F|  |TAMS 0x0000000753200000, 0x0000000753200000| Untracked 
|  81|0x0000000753400000, 0x0000000753400000, 0x0000000753600000|  0%| F|  |TAMS 0x0000000753400000, 0x0000000753400000| Untracked 
|  82|0x0000000753600000, 0x0000000753600000, 0x0000000753800000|  0%| F|  |TAMS 0x0000000753600000, 0x0000000753600000| Untracked 
|  83|0x0000000753800000, 0x0000000753800000, 0x0000000753a00000|  0%| F|  |TAMS 0x0000000753800000, 0x0000000753800000| Untracked 
|  84|0x0000000753a00000, 0x0000000753a00000, 0x0000000753c00000|  0%| F|  |TAMS 0x0000000753a00000, 0x0000000753a00000| Untracked 
|  85|0x0000000753c00000, 0x0000000753c00000, 0x0000000753e00000|  0%| F|  |TAMS 0x0000000753c00000, 0x0000000753c00000| Untracked 
|  86|0x0000000753e00000, 0x0000000753e00000, 0x0000000754000000|  0%| F|  |TAMS 0x0000000753e00000, 0x0000000753e00000| Untracked 
|  87|0x0000000754000000, 0x0000000754200000, 0x0000000754200000|100%| S|CS|TAMS 0x0000000754000000, 0x0000000754000000| Complete 
|  88|0x0000000754200000, 0x0000000754200000, 0x0000000754400000|  0%| F|  |TAMS 0x0000000754200000, 0x0000000754200000| Untracked 
|  89|0x0000000754400000, 0x00000007545f5658, 0x0000000754600000| 97%| E|  |TAMS 0x0000000754400000, 0x0000000754400000| Complete 
|  90|0x0000000754600000, 0x0000000754800000, 0x0000000754800000|100%| E|CS|TAMS 0x0000000754600000, 0x0000000754600000| Complete 
|  91|0x0000000754800000, 0x0000000754a00000, 0x0000000754a00000|100%| E|CS|TAMS 0x0000000754800000, 0x0000000754800000| Complete 
|1461|0x00000007ffc00000, 0x00000007ffd77000, 0x00000007ffe00000| 73%|OA|  |TAMS 0x00000007ffc00000, 0x00000007ffc00000| Untracked 
|1462|0x00000007ffe00000, 0x00000007ffe82000, 0x0000000800000000| 25%|CA|  |TAMS 0x00000007ffe00000, 0x00000007ffe00000| Untracked 

Card table byte_map: [0x00007f969a75d000,0x00007f969ad14000] _byte_map_base: 0x00007f9696d14000

Marking Bits (Prev, Next): (CMBitMap*) 0x00007f9694069530, (CMBitMap*) 0x00007f9694069570
 Prev Bits: [0x00007f967a388000, 0x00007f967d140000)
 Next Bits: [0x00007f96775d0000, 0x00007f967a388000)

Polling page: 0x00007f969d134000

Metaspace:

Usage:
  Non-class:   1013,80 KB used.
      Class:     94,48 KB used.
       Both:      1,08 MB used.

Virtual space:
  Non-class space:        8,00 MB reserved,       1,06 MB ( 13%) committed,  1 nodes.
      Class space:        1,00 GB reserved,     192,00 KB ( <1%) committed,  1 nodes.
             Both:        1,01 GB reserved,       1,25 MB ( <1%) committed. 

Chunk freelists:
   Non-Class:  3,92 MB
       Class:  3,73 MB
        Both:  7,65 MB

MaxMetaspaceSize: unlimited
CompressedClassSpaceSize: 1,00 GB
Initial GC threshold: 21,00 MB
Current GC threshold: 21,00 MB
CDS: on
MetaspaceReclaimPolicy: balanced
 - commit_granule_bytes: 65536.
 - commit_granule_words: 8192.
 - virtual_space_node_default_size: 1048576.
 - enlarge_chunks_in_place: 1.
 - new_chunks_are_fully_committed: 0.
 - uncommit_free_chunks: 1.
 - use_allocation_guard: 0.
 - handle_deallocations: 1.


Internal statistics:

num_allocs_failed_limit: 0.
num_arena_births: 20.
num_arena_deaths: 0.
num_vsnodes_births: 2.
num_vsnodes_deaths: 0.
num_space_committed: 20.
num_space_uncommitted: 0.
num_chunks_returned_to_freelist: 0.
num_chunks_taken_from_freelist: 27.
num_chunk_merges: 0.
num_chunk_splits: 20.
num_chunks_enlarged: 13.
num_purges: 0.
num_inconsistent_stats: 0.

CodeHeap 'non-profiled nmethods': size=120036Kb used=146Kb max_used=146Kb free=119889Kb
 bounds [0x00007f9684c07000, 0x00007f9684e77000, 0x00007f968c140000]
CodeHeap 'profiled nmethods': size=120032Kb used=715Kb max_used=715Kb free=119316Kb
 bounds [0x00007f967d6cf000, 0x00007f967d93f000, 0x00007f9684c07000]
CodeHeap 'non-nmethods': size=5692Kb used=1106Kb max_used=1107Kb free=4585Kb
 bounds [0x00007f967d140000, 0x00007f967d3b0000, 0x00007f967d6cf000]
 total_blobs=909 nmethods=518 adapters=306
 compilation: enabled
              stopped_count=0, restarted_count=0
 full_count=0

Compilation events (20 events):
Event: 0,795 Thread 0x00007f9694125c20  525       2       jdk.internal.org.objectweb.asm.ClassReader::readUnsignedShort (26 bytes)
Event: 0,795 Thread 0x00007f9694125c20 nmethod 525 0x00007f967d77e510 code [0x00007f967d77e6a0, 0x00007f967d77e810]
Event: 0,802 Thread 0x00007f9694125c20  526       2       java.lang.StringBuilder::<init> (7 bytes)
Event: 0,803 Thread 0x00007f9694125c20 nmethod 526 0x00007f967d77e910 code [0x00007f967d77eac0, 0x00007f967d77ebe0]
Event: 0,803 Thread 0x00007f9694125c20  527       2       java.util.zip.ZipFile$Source::isMetaName (141 bytes)
Event: 0,804 Thread 0x00007f9694125c20 nmethod 527 0x00007f967d77ec90 code [0x00007f967d77ee40, 0x00007f967d77f110]
Event: 0,811 Thread 0x00007f9694125c20  528       2       java.lang.StringLatin1::indexOf (121 bytes)
Event: 0,812 Thread 0x00007f9694125c20 nmethod 528 0x00007f967d77f290 code [0x00007f967d77f460, 0x00007f967d77f790]
Event: 0,812 Thread 0x00007f9694125c20  529       2       java.lang.StringLatin1::lastIndexOf (40 bytes)
Event: 0,812 Thread 0x00007f9694125c20 nmethod 529 0x00007f967d77fa10 code [0x00007f967d77fbc0, 0x00007f967d77fdd0]
Event: 0,812 Thread 0x00007f9694125c20  530       2       java.lang.String::equals (56 bytes)
Event: 0,812 Thread 0x00007f9694125c20 nmethod 530 0x00007f967d77ff10 code [0x00007f967d7800c0, 0x00007f967d7802e0]
Event: 0,812 Thread 0x00007f9694125c20  531       1       java.net.URL::getProtocol (5 bytes)
Event: 0,812 Thread 0x00007f9694125c20 nmethod 531 0x00007f9684c2b590 code [0x00007f9684c2b720, 0x00007f9684c2b7f0]
Event: 0,816 Thread 0x00007f9694125c20  532       2       java.lang.CharacterDataLatin1::toLowerCase (39 bytes)
Event: 0,816 Thread 0x00007f9694125c20 nmethod 532 0x00007f967d780410 code [0x00007f967d7805a0, 0x00007f967d780710]
Event: 0,818 Thread 0x00007f9694125c20  533   !   2       java.util.zip.ZipFile$Source::checkAndAddEntry (209 bytes)
Event: 0,825 Thread 0x00007f9694125c20 nmethod 533 0x00007f967d780810 code [0x00007f967d780aa0, 0x00007f967d781360]
Event: 0,825 Thread 0x00007f9694125c20  534       2       java.lang.ref.Reference::reachabilityFence (1 bytes)
Event: 0,825 Thread 0x00007f9694125c20 nmethod 534 0x00007f967d781b90 code [0x00007f967d781d20, 0x00007f967d781df0]

GC Heap History (2 events):
Event: 0,684 GC heap before
{Heap before GC invocations=0 (full 0):
 garbage-first heap   total 192512K, used 12260K [0x0000000749200000, 0x0000000800000000)
  region size 2048K, 4 young (8192K), 0 survivors (0K)
 Metaspace       used 769K, committed 960K, reserved 1056768K
  class space    used 54K, committed 128K, reserved 1048576K
}
Event: 0,698 GC heap after
{Heap after GC invocations=1 (full 0):
 garbage-first heap   total 192512K, used 6508K [0x0000000749200000, 0x0000000800000000)
  region size 2048K, 1 young (2048K), 1 survivors (2048K)
 Metaspace       used 769K, committed 960K, reserved 1056768K
  class space    used 54K, committed 128K, reserved 1048576K
}

Deoptimization events (20 events):
Event: 0,620 Thread 0x00007f96940129f0 DEOPT PACKING pc=0x00007f967d74cd8c sp=0x00007f969b7e9f50
Event: 0,620 Thread 0x00007f96940129f0 DEOPT UNPACKING pc=0x00007f967d192810 sp=0x00007f969b7e9400 mode 0
Event: 0,620 Thread 0x00007f96940129f0 DEOPT PACKING pc=0x00007f967d74cd8c sp=0x00007f969b7e9f50
Event: 0,620 Thread 0x00007f96940129f0 DEOPT UNPACKING pc=0x00007f967d192810 sp=0x00007f969b7e9400 mode 0
Event: 0,620 Thread 0x00007f96940129f0 DEOPT PACKING pc=0x00007f967d74cd8c sp=0x00007f969b7e9f50
Event: 0,620 Thread 0x00007f96940129f0 DEOPT UNPACKING pc=0x00007f967d192810 sp=0x00007f969b7e9400 mode 0
Event: 0,668 Thread 0x00007f96940129f0 DEOPT PACKING pc=0x00007f967d76124b sp=0x00007f969b7e9e60
Event: 0,668 Thread 0x00007f96940129f0 DEOPT UNPACKING pc=0x00007f967d192810 sp=0x00007f969b7e92e0 mode 0
Event: 0,803 Thread 0x00007f96940129f0 Uncommon trap: trap_request=0xffffff45 fr.pc=0x00007f9684c237bc relative=0x000000000000009c
Event: 0,803 Thread 0x00007f96940129f0 Uncommon trap: reason=unstable_if action=reinterpret pc=0x00007f9684c237bc method=java.util.zip.ZipFile$Source.isMetaName([BII)Z @ 3 c2
Event: 0,803 Thread 0x00007f96940129f0 DEOPT PACKING pc=0x00007f9684c237bc sp=0x00007f969b7e9330
Event: 0,803 Thread 0x00007f96940129f0 DEOPT UNPACKING pc=0x00007f967d192093 sp=0x00007f969b7e92f8 mode 2
Event: 0,803 Thread 0x00007f96940129f0 Uncommon trap: trap_request=0xfffffff4 fr.pc=0x00007f9684c1b238 relative=0x0000000000000198
Event: 0,803 Thread 0x00007f96940129f0 Uncommon trap: reason=null_check action=make_not_entrant pc=0x00007f9684c1b238 method=java.lang.String.equals(Ljava/lang/Object;)Z @ 8 c2
Event: 0,803 Thread 0x00007f96940129f0 DEOPT PACKING pc=0x00007f9684c1b238 sp=0x00007f969b7e90d0
Event: 0,803 Thread 0x00007f96940129f0 DEOPT UNPACKING pc=0x00007f967d192093 sp=0x00007f969b7e9098 mode 2
Event: 0,818 Thread 0x00007f96940129f0 Uncommon trap: trap_request=0xffffff45 fr.pc=0x00007f9684c240f0 relative=0x00000000000005b0
Event: 0,818 Thread 0x00007f96940129f0 Uncommon trap: reason=unstable_if action=reinterpret pc=0x00007f9684c240f0 method=java.util.zip.ZipFile$Source.checkAndAddEntry(II)I @ 50 c2
Event: 0,818 Thread 0x00007f96940129f0 DEOPT PACKING pc=0x00007f9684c240f0 sp=0x00007f969b7e5b30
Event: 0,818 Thread 0x00007f96940129f0 DEOPT UNPACKING pc=0x00007f967d192093 sp=0x00007f969b7e5ac8 mode 2

Classes unloaded (0 events):
No events

Classes redefined (0 events):
No events

Internal exceptions (8 events):
Event: 0,295 Thread 0x00007f96940129f0 Exception <a 'java/lang/NoSuchMethodError'{0x00000007548a9398}: 'void java.lang.invoke.DirectMethodHandle$Holder.invokeVirtual(java.lang.Object, java.lang.Object)'> (0x00000007548a9398) 
thrown [src/hotspot/share/interpreter/linkResolver.cpp, line 758]
Event: 0,720 Thread 0x00007f96940129f0 Exception <a 'java/lang/NoSuchMethodError'{0x00000007544b2d38}: 'void java.lang.invoke.DirectMethodHandle$Holder.invokeStatic(java.lang.Object, java.lang.Object, java.lang.Object)'> (0x00000007544b2d38) 
thrown [src/hotspot/share/interpreter/linkResolver.cpp, line 758]
Event: 0,731 Thread 0x00007f96940129f0 Exception <a 'java/lang/NoSuchMethodError'{0x00000007544c27a0}: 'void java.lang.invoke.DirectMethodHandle$Holder.invokeSpecial(java.lang.Object, java.lang.Object, java.lang.Object, java.lang.Object, java.lang.Object)'> (0x00000007544c27a0) 
thrown [src/hotspot/share/interpreter/linkResolver.cpp, line 758]
Event: 0,738 Thread 0x00007f96940129f0 Exception <a 'java/lang/NoSuchMethodError'{0x00000007544d9ef8}: 'java.lang.Object java.lang.invoke.DirectMethodHandle$Holder.invokeInterface(java.lang.Object, java.lang.Object)'> (0x00000007544d9ef8) 
thrown [src/hotspot/share/interpreter/linkResolver.cpp, line 758]
Event: 0,739 Thread 0x00007f96940129f0 Exception <a 'java/lang/IncompatibleClassChangeError'{0x00000007544dd570}: Found class java.lang.Object, but interface was expected> (0x00000007544dd570) 
thrown [src/hotspot/share/interpreter/linkResolver.cpp, line 826]
Event: 0,739 Thread 0x00007f96940129f0 Exception <a 'java/lang/NoSuchMethodError'{0x00000007544e03c0}: 'void java.lang.invoke.DirectMethodHandle$Holder.invokeStatic(java.lang.Object, java.lang.Object, java.lang.Object, java.lang.Object)'> (0x00000007544e03c0) 
thrown [src/hotspot/share/interpreter/linkResolver.cpp, line 758]
Event: 0,803 Thread 0x00007f96940129f0 Implicit null exception at 0x00007f9684c1b0d5 to 0x00007f9684c1b228
Event: 0,827 Thread 0x00007f96940129f0 Exception <a 'java/lang/NoSuchMethodError'{0x00000007545dab68}: 'java.lang.Object java.lang.invoke.DirectMethodHandle$Holder.invokeStaticInit(java.lang.Object)'> (0x00000007545dab68) 
thrown [src/hotspot/share/interpreter/linkResolver.cpp, line 758]

VM Operations (10 events):
Event: 0,549 Executing VM operation: HandshakeAllThreads
Event: 0,550 Executing VM operation: HandshakeAllThreads done
Event: 0,684 Executing VM operation: G1CollectForAllocation
Event: 0,698 Executing VM operation: G1CollectForAllocation done
Event: 0,736 Executing VM operation: HandshakeAllThreads
Event: 0,736 Executing VM operation: HandshakeAllThreads done
Event: 0,817 Executing VM operation: HandshakeAllThreads
Event: 0,817 Executing VM operation: HandshakeAllThreads done
Event: 0,825 Executing VM operation: HandshakeAllThreads
Event: 0,825 Executing VM operation: HandshakeAllThreads done

Events (20 events):
Event: 0,824 loading class java/net/InetSocketAddress
Event: 0,825 loading class java/net/SocketAddress
Event: 0,825 loading class java/net/SocketAddress done
Event: 0,825 loading class java/net/InetSocketAddress done
Event: 0,827 loading class java/net/InetSocketAddress$InetSocketAddressHolder
Event: 0,827 loading class java/net/InetSocketAddress$InetSocketAddressHolder done
Event: 0,827 loading class java/net/SocketImpl
Event: 0,827 loading class java/net/SocketOptions
Event: 0,827 loading class java/net/SocketOptions done
Event: 0,827 loading class java/net/SocketImpl done
Event: 0,828 loading class sun/net/NetProperties
Event: 0,829 loading class sun/net/NetProperties done
Event: 0,829 loading class sun/net/NetProperties$1
Event: 0,829 loading class sun/net/NetProperties$1 done
Event: 0,829 loading class sun/nio/ch/NioSocketImpl
Event: 0,829 loading class sun/net/PlatformSocketImpl
Event: 0,829 loading class sun/net/PlatformSocketImpl done
Event: 0,829 loading class sun/nio/ch/NioSocketImpl done
Event: 0,830 loading class sun/nio/ch/SocketDispatcher
Event: 0,830 loading class sun/nio/ch/SocketDispatcher done


Dynamic libraries:
749200000-754a00000 rw-p 00000000 00:00 0 
754a00000-7ffc00000 ---p 00000000 00:00 0 
7ffc00000-7ffd00000 rw-p 00000000 00:00 0 
7ffd00000-7ffd77000 rw-p 00c9e000 08:05 1581861                          /usr/lib/jvm/java-17-openjdk-amd64/lib/server/classes.jsa
7ffd77000-7ffe00000 rw-p 00000000 00:00 0 
7ffe00000-7ffe82000 rw-p 00c1c000 08:05 1581861                          /usr/lib/jvm/java-17-openjdk-amd64/lib/server/classes.jsa
7ffe82000-800000000 rw-p 00000000 00:00 0 
800000000-800459000 rw-p 00001000 08:05 1581861                          /usr/lib/jvm/java-17-openjdk-amd64/lib/server/classes.jsa
800459000-800be3000 r--p 0045a000 08:05 1581861                          /usr/lib/jvm/java-17-openjdk-amd64/lib/server/classes.jsa
800be3000-800c00000 ---p 00000000 00:00 0 
800c00000-800c10000 rw-p 00000000 00:00 0 
800c10000-800c40000 ---p 00000000 00:00 0 
800c40000-800c60000 rw-p 00000000 00:00 0 
800c60000-840c00000 ---p 00000000 00:00 0 
5576089cb000-5576089cc000 r--p 00000000 08:05 1018732                    /usr/lib/jvm/java-17-openjdk-amd64/bin/java
5576089cc000-5576089cd000 r-xp 00001000 08:05 1018732                    /usr/lib/jvm/java-17-openjdk-amd64/bin/java
5576089cd000-5576089ce000 r--p 00002000 08:05 1018732                    /usr/lib/jvm/java-17-openjdk-amd64/bin/java
5576089ce000-5576089cf000 r--p 00002000 08:05 1018732                    /usr/lib/jvm/java-17-openjdk-amd64/bin/java
5576089cf000-5576089d0000 rw-p 00003000 08:05 1018732                    /usr/lib/jvm/java-17-openjdk-amd64/bin/java
557609db7000-557609dd8000 rw-p 00000000 00:00 0                          [heap]
7f9638000000-7f9638021000 rw-p 00000000 00:00 0 
7f9638021000-7f963c000000 ---p 00000000 00:00 0 
7f9640000000-7f964038a000 rw-p 00000000 00:00 0 
7f964038a000-7f9644000000 ---p 00000000 00:00 0 
7f9644000000-7f9644234000 rw-p 00000000 00:00 0 
7f9644234000-7f9648000000 ---p 00000000 00:00 0 
7f9648000000-7f9648021000 rw-p 00000000 00:00 0 
7f9648021000-7f964c000000 ---p 00000000 00:00 0 
7f964c000000-7f964c021000 rw-p 00000000 00:00 0 
7f964c021000-7f9650000000 ---p 00000000 00:00 0 
7f9650000000-7f9650021000 rw-p 00000000 00:00 0 
7f9650021000-7f9654000000 ---p 00000000 00:00 0 
7f9654000000-7f9654021000 rw-p 00000000 00:00 0 
7f9654021000-7f9658000000 ---p 00000000 00:00 0 
7f9658000000-7f9658021000 rw-p 00000000 00:00 0 
7f9658021000-7f965c000000 ---p 00000000 00:00 0 
7f965c000000-7f965c021000 rw-p 00000000 00:00 0 
7f965c021000-7f9660000000 ---p 00000000 00:00 0 
7f9660000000-7f9660021000 rw-p 00000000 00:00 0 
7f9660021000-7f9664000000 ---p 00000000 00:00 0 
7f9664000000-7f9664021000 rw-p 00000000 00:00 0 
7f9664021000-7f9668000000 ---p 00000000 00:00 0 
7f9668000000-7f9668021000 rw-p 00000000 00:00 0 
7f9668021000-7f966c000000 ---p 00000000 00:00 0 
7f966c000000-7f966c021000 rw-p 00000000 00:00 0 
7f966c021000-7f9670000000 ---p 00000000 00:00 0 
7f9670000000-7f9670021000 rw-p 00000000 00:00 0 
7f9670021000-7f9674000000 ---p 00000000 00:00 0 
7f96752cb000-7f96752cc000 ---p 00000000 00:00 0 
7f96752cc000-7f96753cd000 rw-p 00000000 00:00 0 
7f96753cd000-7f96753d1000 ---p 00000000 00:00 0 
7f96753d1000-7f96754ce000 rw-p 00000000 00:00 0 
7f96754ce000-7f96754cf000 ---p 00000000 00:00 0 
7f96754cf000-7f96778b0000 rw-p 00000000 00:00 0 
7f96778b0000-7f967a378000 ---p 00000000 00:00 0 
7f967a378000-7f967a668000 rw-p 00000000 00:00 0 
7f967a668000-7f967d130000 ---p 00000000 00:00 0 
7f967d130000-7f967d140000 rw-p 00000000 00:00 0 
7f967d140000-7f967d3b0000 rwxp 00000000 00:00 0 
7f967d3b0000-7f967d6cf000 ---p 00000000 00:00 0 
7f967d6cf000-7f967d93f000 rwxp 00000000 00:00 0 
7f967d93f000-7f9684c07000 ---p 00000000 00:00 0 
7f9684c07000-7f9684e77000 rwxp 00000000 00:00 0 
7f9684e77000-7f968c140000 ---p 00000000 00:00 0 
7f968c140000-7f9694000000 r--s 00000000 08:05 1197716                    /usr/lib/jvm/java-17-openjdk-amd64/lib/modules
7f9694000000-7f96941f7000 rw-p 00000000 00:00 0 
7f96941f7000-7f9698000000 ---p 00000000 00:00 0 
7f9698083000-7f9698087000 ---p 00000000 00:00 0 
7f9698087000-7f9698184000 rw-p 00000000 00:00 0 
7f9698184000-7f9698188000 ---p 00000000 00:00 0 
7f9698188000-7f9698285000 rw-p 00000000 00:00 0 
7f9698285000-7f9698289000 ---p 00000000 00:00 0 
7f9698289000-7f9698386000 rw-p 00000000 00:00 0 
7f9698386000-7f969838a000 ---p 00000000 00:00 0 
7f969838a000-7f9698487000 rw-p 00000000 00:00 0 
7f9698487000-7f969848b000 ---p 00000000 00:00 0 
7f969848b000-7f9698588000 rw-p 00000000 00:00 0 
7f9698588000-7f969858c000 ---p 00000000 00:00 0 
7f969858c000-7f9698689000 rw-p 00000000 00:00 0 
7f9698689000-7f969868d000 ---p 00000000 00:00 0 
7f969868d000-7f969878a000 rw-p 00000000 00:00 0 
7f969878a000-7f9698cfc000 r--p 00000000 08:05 918777                     /usr/lib/locale/locale-archive
7f9698cfc000-7f9698d00000 ---p 00000000 00:00 0 
7f9698d00000-7f9698dfd000 rw-p 00000000 00:00 0 
7f9698dfd000-7f9698e01000 ---p 00000000 00:00 0 
7f9698e01000-7f9698efe000 rw-p 00000000 00:00 0 
7f9698efe000-7f9698eff000 ---p 00000000 00:00 0 
7f9698eff000-7f96990f0000 rw-p 00000000 00:00 0 
7f96990f0000-7f9699400000 ---p 00000000 00:00 0 
7f9699400000-7f9699420000 rw-p 00000000 00:00 0 
7f9699420000-7f9699800000 ---p 00000000 00:00 0 
7f9699815000-7f969981c000 r--s 00000000 08:05 1584321                    /usr/lib/x86_64-linux-gnu/gconv/gconv-modules.cache
7f969981c000-7f969984d000 rw-p 00000000 00:00 0 
7f969984d000-7f9699851000 r--p 00000000 08:05 1197707                    /usr/lib/jvm/java-17-openjdk-amd64/lib/libnet.so
7f9699851000-7f969985f000 r-xp 00004000 08:05 1197707                    /usr/lib/jvm/java-17-openjdk-amd64/lib/libnet.so
7f969985f000-7f9699863000 r--p 00012000 08:05 1197707                    /usr/lib/jvm/java-17-openjdk-amd64/lib/libnet.so
7f9699863000-7f9699864000 r--p 00015000 08:05 1197707                    /usr/lib/jvm/java-17-openjdk-amd64/lib/libnet.so
7f9699864000-7f9699865000 rw-p 00016000 08:05 1197707                    /usr/lib/jvm/java-17-openjdk-amd64/lib/libnet.so
7f9699865000-7f969986b000 r--p 00000000 08:05 1197708                    /usr/lib/jvm/java-17-openjdk-amd64/lib/libnio.so
7f969986b000-7f9699874000 r-xp 00006000 08:05 1197708                    /usr/lib/jvm/java-17-openjdk-amd64/lib/libnio.so
7f9699874000-7f9699878000 r--p 0000f000 08:05 1197708                    /usr/lib/jvm/java-17-openjdk-amd64/lib/libnio.so
7f9699878000-7f9699879000 ---p 00013000 08:05 1197708                    /usr/lib/jvm/java-17-openjdk-amd64/lib/libnio.so
7f9699879000-7f969987a000 r--p 00013000 08:05 1197708                    /usr/lib/jvm/java-17-openjdk-amd64/lib/libnio.so
7f969987a000-7f969987b000 rw-p 00014000 08:05 1197708                    /usr/lib/jvm/java-17-openjdk-amd64/lib/libnio.so
7f969987b000-7f9699880000 r--p 00000000 08:05 1197701                    /usr/lib/jvm/java-17-openjdk-amd64/lib/libjsvml.so
7f9699880000-7f96998c1000 r-xp 00005000 08:05 1197701                    /usr/lib/jvm/java-17-openjdk-amd64/lib/libjsvml.so
7f96998c1000-7f969994a000 r--p 00046000 08:05 1197701                    /usr/lib/jvm/java-17-openjdk-amd64/lib/libjsvml.so
7f969994a000-7f969994b000 r--p 000ce000 08:05 1197701                    /usr/lib/jvm/java-17-openjdk-amd64/lib/libjsvml.so
7f969994b000-7f969994c000 rw-p 000cf000 08:05 1197701                    /usr/lib/jvm/java-17-openjdk-amd64/lib/libjsvml.so
7f969994c000-7f9699a69000 rw-p 00000000 00:00 0 
7f9699a69000-7f9699a6a000 ---p 00000000 00:00 0 
7f9699a6a000-7f9699b6b000 rw-p 00000000 00:00 0 
7f9699b6b000-7f9699b6c000 ---p 00000000 00:00 0 
7f9699b6c000-7f9699e6f000 rw-p 00000000 00:00 0 
7f9699e6f000-7f9699e70000 ---p 00000000 00:00 0 
7f9699e70000-7f9699f71000 rw-p 00000000 00:00 0 
7f9699f71000-7f9699f72000 ---p 00000000 00:00 0 
7f9699f72000-7f969a073000 rw-p 00000000 00:00 0 
7f969a073000-7f969a074000 ---p 00000000 00:00 0 
7f969a074000-7f969a202000 rw-p 00000000 00:00 0 
7f969a202000-7f969a75b000 ---p 00000000 00:00 0 
7f969a75b000-7f969a7b9000 rw-p 00000000 00:00 0 
7f969a7b9000-7f969ad12000 ---p 00000000 00:00 0 
7f969ad12000-7f969ad70000 rw-p 00000000 00:00 0 
7f969ad70000-7f969b2c9000 ---p 00000000 00:00 0 
7f969b2c9000-7f969b4d2000 rw-p 00000000 00:00 0 
7f969b4d2000-7f969b5b8000 ---p 00000000 00:00 0 
7f969b5b8000-7f969b5bd000 rw-p 00000000 00:00 0 
7f969b5bd000-7f969b6a3000 ---p 00000000 00:00 0 
7f969b6a3000-7f969b6a8000 rw-p 00000000 00:00 0 
7f969b6a8000-7f969b6af000 ---p 00000000 00:00 0 
7f969b6af000-7f969b6b1000 r--p 00000000 08:05 1197715                    /usr/lib/jvm/java-17-openjdk-amd64/lib/libzip.so
7f969b6b1000-7f969b6b6000 r-xp 00002000 08:05 1197715                    /usr/lib/jvm/java-17-openjdk-amd64/lib/libzip.so
7f969b6b6000-7f969b6b8000 r--p 00007000 08:05 1197715                    /usr/lib/jvm/java-17-openjdk-amd64/lib/libzip.so
7f969b6b8000-7f969b6b9000 r--p 00008000 08:05 1197715                    /usr/lib/jvm/java-17-openjdk-amd64/lib/libzip.so
7f969b6b9000-7f969b6ba000 rw-p 00009000 08:05 1197715                    /usr/lib/jvm/java-17-openjdk-amd64/lib/libzip.so
7f969b6ba000-7f969b6c6000 r--p 00000000 08:05 1197694                    /usr/lib/jvm/java-17-openjdk-amd64/lib/libjava.so
7f969b6c6000-7f969b6d9000 r-xp 0000c000 08:05 1197694                    /usr/lib/jvm/java-17-openjdk-amd64/lib/libjava.so
7f969b6d9000-7f969b6df000 r--p 0001f000 08:05 1197694                    /usr/lib/jvm/java-17-openjdk-amd64/lib/libjava.so
7f969b6df000-7f969b6e0000 ---p 00025000 08:05 1197694                    /usr/lib/jvm/java-17-openjdk-amd64/lib/libjava.so
7f969b6e0000-7f969b6e1000 r--p 00025000 08:05 1197694                    /usr/lib/jvm/java-17-openjdk-amd64/lib/libjava.so
7f969b6e1000-7f969b6e2000 rw-p 00026000 08:05 1197694                    /usr/lib/jvm/java-17-openjdk-amd64/lib/libjava.so
7f969b6e2000-7f969b6e3000 rw-p 00000000 00:00 0 
7f969b6e3000-7f969b6eb000 rw-s 00000000 00:30 216                        /tmp/hsperfdata_winch/232552
7f969b6eb000-7f969b6ef000 ---p 00000000 00:00 0 
7f969b6ef000-7f969b7ec000 rw-p 00000000 00:00 0 
7f969b7ec000-7f969b7ef000 r--p 00000000 08:05 925296                     /usr/lib/x86_64-linux-gnu/libgcc_s.so.1
7f969b7ef000-7f969b801000 r-xp 00003000 08:05 925296                     /usr/lib/x86_64-linux-gnu/libgcc_s.so.1
7f969b801000-7f969b805000 r--p 00015000 08:05 925296                     /usr/lib/x86_64-linux-gnu/libgcc_s.so.1
7f969b805000-7f969b806000 r--p 00018000 08:05 925296                     /usr/lib/x86_64-linux-gnu/libgcc_s.so.1
7f969b806000-7f969b807000 rw-p 00019000 08:05 925296                     /usr/lib/x86_64-linux-gnu/libgcc_s.so.1
7f969b807000-7f969b814000 r--p 00000000 08:05 927141                     /usr/lib/x86_64-linux-gnu/libm-2.31.so
7f969b814000-7f969b8bb000 r-xp 0000d000 08:05 927141                     /usr/lib/x86_64-linux-gnu/libm-2.31.so
7f969b8bb000-7f969b954000 r--p 000b4000 08:05 927141                     /usr/lib/x86_64-linux-gnu/libm-2.31.so
7f969b954000-7f969b955000 r--p 0014c000 08:05 927141                     /usr/lib/x86_64-linux-gnu/libm-2.31.so
7f969b955000-7f969b956000 rw-p 0014d000 08:05 927141                     /usr/lib/x86_64-linux-gnu/libm-2.31.so
7f969b956000-7f969b9ec000 r--p 00000000 08:05 924897                     /usr/lib/x86_64-linux-gnu/libstdc++.so.6.0.28
7f969b9ec000-7f969badd000 r-xp 00096000 08:05 924897                     /usr/lib/x86_64-linux-gnu/libstdc++.so.6.0.28
7f969badd000-7f969bb26000 r--p 00187000 08:05 924897                     /usr/lib/x86_64-linux-gnu/libstdc++.so.6.0.28
7f969bb26000-7f969bb27000 ---p 001d0000 08:05 924897                     /usr/lib/x86_64-linux-gnu/libstdc++.so.6.0.28
7f969bb27000-7f969bb32000 r--p 001d0000 08:05 924897                     /usr/lib/x86_64-linux-gnu/libstdc++.so.6.0.28
7f969bb32000-7f969bb35000 rw-p 001db000 08:05 924897                     /usr/lib/x86_64-linux-gnu/libstdc++.so.6.0.28
7f969bb35000-7f969bb38000 rw-p 00000000 00:00 0 
7f969bb38000-7f969bd88000 r--p 00000000 08:05 1581864                    /usr/lib/jvm/java-17-openjdk-amd64/lib/server/libjvm.so
7f969bd88000-7f969cb15000 r-xp 00250000 08:05 1581864                    /usr/lib/jvm/java-17-openjdk-amd64/lib/server/libjvm.so
7f969cb15000-7f969cd9a000 r--p 00fdd000 08:05 1581864                    /usr/lib/jvm/java-17-openjdk-amd64/lib/server/libjvm.so
7f969cd9a000-7f969cd9b000 ---p 01262000 08:05 1581864                    /usr/lib/jvm/java-17-openjdk-amd64/lib/server/libjvm.so
7f969cd9b000-7f969ce53000 r--p 01262000 08:05 1581864                    /usr/lib/jvm/java-17-openjdk-amd64/lib/server/libjvm.so
7f969ce53000-7f969ce88000 rw-p 0131a000 08:05 1581864                    /usr/lib/jvm/java-17-openjdk-amd64/lib/server/libjvm.so
7f969ce88000-7f969cee3000 rw-p 00000000 00:00 0 
7f969cee3000-7f969cee9000 r--p 00000000 08:05 942595                     /usr/lib/x86_64-linux-gnu/libpthread-2.31.so
7f969cee9000-7f969cefa000 r-xp 00006000 08:05 942595                     /usr/lib/x86_64-linux-gnu/libpthread-2.31.so
7f969cefa000-7f969cf00000 r--p 00017000 08:05 942595                     /usr/lib/x86_64-linux-gnu/libpthread-2.31.so
7f969cf00000-7f969cf01000 r--p 0001c000 08:05 942595                     /usr/lib/x86_64-linux-gnu/libpthread-2.31.so
7f969cf01000-7f969cf02000 rw-p 0001d000 08:05 942595                     /usr/lib/x86_64-linux-gnu/libpthread-2.31.so
7f969cf02000-7f969cf06000 rw-p 00000000 00:00 0 
7f969cf06000-7f969cf07000 r--p 00000000 08:05 927139                     /usr/lib/x86_64-linux-gnu/libdl-2.31.so
7f969cf07000-7f969cf09000 r-xp 00001000 08:05 927139                     /usr/lib/x86_64-linux-gnu/libdl-2.31.so
7f969cf09000-7f969cf0a000 r--p 00003000 08:05 927139                     /usr/lib/x86_64-linux-gnu/libdl-2.31.so
7f969cf0a000-7f969cf0b000 r--p 00003000 08:05 927139                     /usr/lib/x86_64-linux-gnu/libdl-2.31.so
7f969cf0b000-7f969cf0c000 rw-p 00004000 08:05 927139                     /usr/lib/x86_64-linux-gnu/libdl-2.31.so
7f969cf0c000-7f969cf0e000 r--p 00000000 08:05 919715                     /usr/lib/x86_64-linux-gnu/libz.so.1.2.11
7f969cf0e000-7f969cf1f000 r-xp 00002000 08:05 919715                     /usr/lib/x86_64-linux-gnu/libz.so.1.2.11
7f969cf1f000-7f969cf25000 r--p 00013000 08:05 919715                     /usr/lib/x86_64-linux-gnu/libz.so.1.2.11
7f969cf25000-7f969cf26000 ---p 00019000 08:05 919715                     /usr/lib/x86_64-linux-gnu/libz.so.1.2.11
7f969cf26000-7f969cf27000 r--p 00019000 08:05 919715                     /usr/lib/x86_64-linux-gnu/libz.so.1.2.11
7f969cf27000-7f969cf28000 rw-p 0001a000 08:05 919715                     /usr/lib/x86_64-linux-gnu/libz.so.1.2.11
7f969cf28000-7f969cf4a000 r--p 00000000 08:05 924514                     /usr/lib/x86_64-linux-gnu/libc-2.31.so
7f969cf4a000-7f969d0c2000 r-xp 00022000 08:05 924514                     /usr/lib/x86_64-linux-gnu/libc-2.31.so
7f969d0c2000-7f969d110000 r--p 0019a000 08:05 924514                     /usr/lib/x86_64-linux-gnu/libc-2.31.so
7f969d110000-7f969d114000 r--p 001e7000 08:05 924514                     /usr/lib/x86_64-linux-gnu/libc-2.31.so
7f969d114000-7f969d116000 rw-p 001eb000 08:05 924514                     /usr/lib/x86_64-linux-gnu/libc-2.31.so
7f969d116000-7f969d11a000 rw-p 00000000 00:00 0 
7f969d11e000-7f969d120000 r--s 0000c000 08:05 1713932                    /usr/share/java/java-atk-wrapper.jar
7f969d120000-7f969d123000 r--p 00000000 08:05 927153                     /usr/lib/x86_64-linux-gnu/libnss_files-2.31.so
7f969d123000-7f969d12a000 r-xp 00003000 08:05 927153                     /usr/lib/x86_64-linux-gnu/libnss_files-2.31.so
7f969d12a000-7f969d12c000 r--p 0000a000 08:05 927153                     /usr/lib/x86_64-linux-gnu/libnss_files-2.31.so
7f969d12c000-7f969d12d000 r--p 0000b000 08:05 927153                     /usr/lib/x86_64-linux-gnu/libnss_files-2.31.so
7f969d12d000-7f969d12e000 rw-p 0000c000 08:05 927153                     /usr/lib/x86_64-linux-gnu/libnss_files-2.31.so
7f969d12e000-7f969d134000 rw-p 00000000 00:00 0 
7f969d134000-7f969d135000 ---p 00000000 00:00 0 
7f969d135000-7f969d136000 r--p 00000000 00:00 0 
7f969d136000-7f969d138000 r--p 00000000 08:05 1197697                    /usr/lib/jvm/java-17-openjdk-amd64/lib/libjimage.so
7f969d138000-7f969d13b000 r-xp 00002000 08:05 1197697                    /usr/lib/jvm/java-17-openjdk-amd64/lib/libjimage.so
7f969d13b000-7f969d13c000 r--p 00005000 08:05 1197697                    /usr/lib/jvm/java-17-openjdk-amd64/lib/libjimage.so
7f969d13c000-7f969d13d000 ---p 00006000 08:05 1197697                    /usr/lib/jvm/java-17-openjdk-amd64/lib/libjimage.so
7f969d13d000-7f969d13e000 r--p 00006000 08:05 1197697                    /usr/lib/jvm/java-17-openjdk-amd64/lib/libjimage.so
7f969d13e000-7f969d13f000 rw-p 00007000 08:05 1197697                    /usr/lib/jvm/java-17-openjdk-amd64/lib/libjimage.so
7f969d13f000-7f969d141000 r--p 00000000 08:05 1197698                    /usr/lib/jvm/java-17-openjdk-amd64/lib/libjli.so
7f969d141000-7f969d14b000 r-xp 00002000 08:05 1197698                    /usr/lib/jvm/java-17-openjdk-amd64/lib/libjli.so
7f969d14b000-7f969d14e000 r--p 0000c000 08:05 1197698                    /usr/lib/jvm/java-17-openjdk-amd64/lib/libjli.so
7f969d14e000-7f969d14f000 ---p 0000f000 08:05 1197698                    /usr/lib/jvm/java-17-openjdk-amd64/lib/libjli.so
7f969d14f000-7f969d150000 r--p 0000f000 08:05 1197698                    /usr/lib/jvm/java-17-openjdk-amd64/lib/libjli.so
7f969d150000-7f969d151000 rw-p 00010000 08:05 1197698                    /usr/lib/jvm/java-17-openjdk-amd64/lib/libjli.so
7f969d151000-7f969d153000 rw-p 00000000 00:00 0 
7f969d153000-7f969d154000 r--p 00000000 08:05 924191                     /usr/lib/x86_64-linux-gnu/ld-2.31.so
7f969d154000-7f969d177000 r-xp 00001000 08:05 924191                     /usr/lib/x86_64-linux-gnu/ld-2.31.so
7f969d177000-7f969d17f000 r--p 00024000 08:05 924191                     /usr/lib/x86_64-linux-gnu/ld-2.31.so
7f969d17f000-7f969d180000 ---p 00000000 00:00 0 
7f969d180000-7f969d181000 r--p 0002c000 08:05 924191                     /usr/lib/x86_64-linux-gnu/ld-2.31.so
7f969d181000-7f969d182000 rw-p 0002d000 08:05 924191                     /usr/lib/x86_64-linux-gnu/ld-2.31.so
7f969d182000-7f969d183000 rw-p 00000000 00:00 0 
7ffdc942c000-7ffdc944d000 rw-p 00000000 00:00 0                          [stack]
7ffdc9518000-7ffdc951b000 r--p 00000000 00:00 0                          [vvar]
7ffdc951b000-7ffdc951c000 r-xp 00000000 00:00 0                          [vdso]
ffffffffff600000-ffffffffff601000 --xp 00000000 00:00 0                  [vsyscall]


VM Arguments:
jvm_args: -ea --add-opens=jdecompiler/x590.jdecompiler.testing=junit,ALL-UNNAMED --add-modules=ALL-MODULE-PATH -Dfile.encoding=UTF-8 --module-path=/home/winch/eclipse-workspace/JDecompiler/bin:/home/winch/eclipse-workspace/ArgParser/bin:/home/winch/eclipse-workspace/Util/bin:/home/winch/eclipse-workspace/libs/jsr305-3.0.2.jar:/home/winch/eclipse-workspace/libs/junit-4.13.2.jar:/home/winch/eclipse-workspace/libs/hamcrest-core-1.3.jar:/home/winch/eclipse-workspace/libs/fastutil-8.5.11.jar -XX:+ShowCodeDetailsInExceptionMessages 
java_command: org.eclipse.jdt.internal.junit.runner.RemoteTestRunner -version 3 -port 40871 -testLoaderClass org.eclipse.jdt.internal.junit4.runner.JUnit4TestLoader -loaderpluginname org.eclipse.jdt.junit4.runtime -classNames x590.jdecompiler.testing.PrimitiveTypeTest
java_class_path (initial): /home/winch/eclipse-workspace/ArgParser/ArgParser.jar:/home/winch/eclipse-workspace/Util/Util.jar:/home/winch/java-2021-06/eclipse/configuration/org.eclipse.osgi/215/0/.cp:/home/winch/java-2021-06/eclipse/configuration/org.eclipse.osgi/214/0/.cp
Launcher Type: SUN_STANDARD

[Global flags]
     intx CICompilerCount                          = 2                                         {product} {ergonomic}
     uint ConcGCThreads                            = 1                                         {product} {ergonomic}
     uint G1ConcRefinementThreads                  = 2                                         {product} {ergonomic}
   size_t G1HeapRegionSize                         = 2097152                                   {product} {ergonomic}
    uintx GCDrainStackTargetSize                   = 64                                        {product} {ergonomic}
   size_t InitialHeapSize                          = 192937984                                 {product} {ergonomic}
   size_t MarkStackSize                            = 4194304                                   {product} {ergonomic}
   size_t MaxHeapSize                              = 3068133376                                {product} {ergonomic}
   size_t MaxNewSize                               = 1839202304                                {product} {ergonomic}
   size_t MinHeapDeltaBytes                        = 2097152                                   {product} {ergonomic}
   size_t MinHeapSize                              = 8388608                                   {product} {ergonomic}
    uintx NonNMethodCodeHeapSize                   = 5826188                                {pd product} {ergonomic}
    uintx NonProfiledCodeHeapSize                  = 122916026                              {pd product} {ergonomic}
    uintx ProfiledCodeHeapSize                     = 122916026                              {pd product} {ergonomic}
    uintx ReservedCodeCacheSize                    = 251658240                              {pd product} {ergonomic}
     bool SegmentedCodeCache                       = true                                      {product} {ergonomic}
     bool ShowCodeDetailsInExceptionMessages       = true                                   {manageable} {command line}
   size_t SoftMaxHeapSize                          = 3068133376                             {manageable} {ergonomic}
     bool UseCompressedClassPointers               = true                           {product lp64_product} {ergonomic}
     bool UseCompressedOops                        = true                           {product lp64_product} {ergonomic}
     bool UseG1GC                                  = true                                      {product} {ergonomic}

Logging:
Log output configuration:
 #0: stdout all=warning uptime,level,tags
 #1: stderr all=off uptime,level,tags

Environment Variables:
PATH=/home/winch/bin:/usr/local/sbin:/usr/local/bin:/usr/sbin:/usr/bin:/sbin:/bin:/usr/games:/usr/local/games:/snap/bin
SHELL=/bin/bash
DISPLAY=:0
LANG=ru_RU.UTF-8

Signal Handlers:
   SIGSEGV: 0x00007f969ca93710 in libjvm.so+16103184, mask=11100100010111111101111111111110, flags=SA_RESTART|SA_SIGINFO
    SIGBUS: 0x00007f969ca93710 in libjvm.so+16103184, mask=11100100010111111101111111111110, flags=SA_RESTART|SA_SIGINFO
    SIGFPE: 0x00007f969ca93710 in libjvm.so+16103184, mask=11100100010111111101111111111110, flags=SA_RESTART|SA_SIGINFO
   SIGPIPE: 0x00007f969c935480 in libjvm.so+14668928, mask=11100100010111111101111111111110, flags=SA_RESTART|SA_SIGINFO
   SIGXFSZ: 0x00007f969c935480 in libjvm.so+14668928, mask=11100100010111111101111111111110, flags=SA_RESTART|SA_SIGINFO
    SIGILL: 0x00007f969ca93710 in libjvm.so+16103184, mask=11100100010111111101111111111110, flags=SA_RESTART|SA_SIGINFO
   SIGUSR2: 0x00007f969c934af0 in libjvm.so+14666480, mask=00100000000000000000000000000000, flags=SA_RESTART|SA_SIGINFO
    SIGHUP: 0x00007f969c934a30 in libjvm.so+14666288, mask=11100100010111111101111111111110, flags=SA_RESTART|SA_SIGINFO
    SIGINT: 0x00007f969c934a30 in libjvm.so+14666288, mask=11100100010111111101111111111110, flags=SA_RESTART|SA_SIGINFO
   SIGTERM: 0x00007f969c934a30 in libjvm.so+14666288, mask=11100100010111111101111111111110, flags=SA_RESTART|SA_SIGINFO
   SIGQUIT: 0x00007f969c934a30 in libjvm.so+14666288, mask=11100100010111111101111111111110, flags=SA_RESTART|SA_SIGINFO
  *** Handler was modified!
  *** Expected: 0x00007f969c935480 in libjvm.so+14668928, mask=11100100110111111111111111111110, flags=SA_RESTART|SA_SIGINFO
   SIGTRAP: 0x00007f969ca93710 in libjvm.so+16103184, mask=11100100010111111101111111111110, flags=SA_RESTART|SA_SIGINFO


---------------  S Y S T E M  ---------------

OS:
DISTRIB_ID=LinuxMint
DISTRIB_RELEASE=20.2
DISTRIB_CODENAME=uma
DISTRIB_DESCRIPTION="Linux Mint 20.2 Uma"
uname: Linux 5.4.0-100-generic #113-Ubuntu SMP Thu Feb 3 18:43:29 UTC 2022 x86_64
OS uptime: 5 days 18:59 hours
libc: glibc 2.31 NPTL 2.31 
rlimit (soft/hard): STACK 8192k/infinity , CORE 0k/infinity , NPROC 46437/46437 , NOFILE 1048576/1048576 , AS infinity/infinity , CPU infinity/infinity , DATA infinity/infinity , FSIZE infinity/infinity , MEMLOCK 65536k/65536k
load average: 1,55 1,13 1,17

/proc/meminfo:
MemTotal:       11982820 kB
MemFree:          575540 kB
MemAvailable:    4312632 kB
Buffers:          756352 kB
Cached:          3916352 kB
SwapCached:         9372 kB
Active:          8133664 kB
Inactive:        2521628 kB
Active(anon):    5600540 kB
Inactive(anon):  1345032 kB
Active(file):    2533124 kB
Inactive(file):  1176596 kB
Unevictable:      152756 kB
Mlocked:             576 kB
SwapTotal:       2097148 kB
SwapFree:        1982284 kB
Dirty:               384 kB
Writeback:             0 kB
AnonPages:       6127740 kB
Mapped:           905144 kB
Shmem:            964032 kB
KReclaimable:     348888 kB
Slab:             486304 kB
SReclaimable:     348888 kB
SUnreclaim:       137416 kB
KernelStack:       19400 kB
PageTables:        49244 kB
NFS_Unstable:          0 kB
Bounce:                0 kB
WritebackTmp:          0 kB
CommitLimit:     8088556 kB
Committed_AS:   14695280 kB
VmallocTotal:   34359738367 kB
VmallocUsed:       31032 kB
VmallocChunk:          0 kB
Percpu:             2040 kB
HardwareCorrupted:     0 kB
AnonHugePages:         0 kB
ShmemHugePages:        0 kB
ShmemPmdMapped:        0 kB
FileHugePages:         0 kB
FilePmdMapped:         0 kB
CmaTotal:              0 kB
CmaFree:               0 kB
HugePages_Total:       0
HugePages_Free:        0
HugePages_Rsvd:        0
HugePages_Surp:        0
Hugepagesize:       2048 kB
Hugetlb:               0 kB
DirectMap4k:      555732 kB
DirectMap2M:    11741184 kB

/sys/kernel/mm/transparent_hugepage/enabled: always [madvise] never
/sys/kernel/mm/transparent_hugepage/defrag (defrag/compaction efforts parameter): always defer defer+madvise [madvise] never

Process Memory:
Virtual Size: 5628316K (peak: 5689324K)
Resident Set Size: 57588K (peak: 57588K) (anon: 29264K, file: 28292K, shmem: 32K)
Swapped out: 0K
C-Heap outstanding allocations: 12868K, retained: 2207K
glibc malloc tunables: (default)

/proc/sys/kernel/threads-max (system-wide limit on the number of threads): 92875
/proc/sys/vm/max_map_count (maximum number of memory map areas a process may have): 65530
/proc/sys/kernel/pid_max (system-wide limit on number of process identifiers): 4194304

container (cgroup) information:
container_type: cgroupv1
cpu_cpuset_cpus: 0-1
cpu_memory_nodes: 0
active_processor_count: 2
cpu_quota: no quota
cpu_period: 100000
cpu_shares: no shares
memory_limit_in_bytes: unlimited
memory_and_swap_limit_in_bytes: not supported
memory_soft_limit_in_bytes: unlimited
memory_usage_in_bytes: 8701032 k
memory_max_usage_in_bytes: 10102952 k
maximum number of tasks: unlimited
current number of tasks: 851

Steal ticks since vm start: 0
Steal ticks percentage since vm start:  0,000

CPU: total 2 (initial active 2) (2 cores per cpu, 1 threads per core) family 6 model 42 stepping 7 microcode 0x2f, cx8, cmov, fxsr, mmx, sse, sse2, sse3, ssse3, sse4.1, sse4.2, popcnt, tsc, tscinvbit, clmul, clflush
CPU Model and flags from /proc/cpuinfo:
model name	: Intel(R) Pentium(R) CPU G630 @ 2.70GHz
flags		: fpu vme de pse tsc msr pae mce cx8 apic sep mtrr pge mca cmov pat pse36 clflush dts acpi mmx fxsr sse sse2 ht tm pbe syscall nx rdtscp lm constant_tsc arch_perfmon pebs bts rep_good nopl xtopology nonstop_tsc cpuid aperfmperf pni pclmulqdq dtes64 monitor ds_cpl vmx est tm2 ssse3 cx16 xtpr pdcm pcid sse4_1 sse4_2 popcnt tsc_deadline_timer xsave lahf_lm epb pti ssbd ibrs ibpb stibp tpr_shadow vnmi flexpriority ept vpid xsaveopt dtherm arat pln pts md_clear flush_l1d

Online cpus: 0-1
Offline cpus: 
BIOS frequency limitation: <Not Available>
Frequency switch latency (ns): 0
Available cpu frequencies: <Not Available>
Current governor: powersave
Core performance/turbo boost: <Not Available>

Memory: 4k page, physical 11982820k(575540k free), swap 2097148k(1982284k free)
Page Sizes: 4k

vm_info: OpenJDK 64-Bit Server VM (17.0.4+8-Ubuntu-120.04) for linux-amd64 JRE (17.0.4+8-Ubuntu-120.04), built on Jul 22 2022 09:53:09 by "buildd" with gcc 9.4.0

END.
